Analysis & Synthesis report for DisplayDriverALU4_4FP
Sun Oct  1 23:02:18 2023
Quartus Prime Version 22.1std.2 Build 922 07/20/2023 SC Lite Edition


---------------------
; Table of Contents ;
---------------------
  1. Legal Notice
  2. Analysis & Synthesis Summary
  3. Analysis & Synthesis Settings
  4. Parallel Compilation
  5. Analysis & Synthesis Source Files Read
  6. Analysis & Synthesis Resource Usage Summary
  7. Analysis & Synthesis Resource Utilization by Entity
  8. General Register Statistics
  9. Multiplexer Restructuring Statistics (Restructuring Performed)
 10. Port Connectivity Checks: "BCDto7Segs:DisplayDecoder4"
 11. Port Connectivity Checks: "BCDto7Segs:DisplayDecoder3"
 12. Port Connectivity Checks: "BCDto7Segs:DisplayDecoder2"
 13. Port Connectivity Checks: "BCDto7Segs:DisplayDecoder1"
 14. Post-Synthesis Netlist Statistics for Top Partition
 15. Elapsed Time Per Partition
 16. Analysis & Synthesis Messages



----------------
; Legal Notice ;
----------------
Copyright (C) 2023  Intel Corporation. All rights reserved.
Your use of Intel Corporation's design tools, logic functions 
and other software and tools, and any partner logic 
functions, and any output files from any of the foregoing 
(including device programming or simulation files), and any 
associated documentation or information are expressly subject 
to the terms and conditions of the Intel Program License 
Subscription Agreement, the Intel Quartus Prime License Agreement,
the Intel FPGA IP License Agreement, or other applicable license
agreement, including, without limitation, that your use is for
the sole purpose of programming logic devices manufactured by
Intel and sold by Intel or its authorized distributors.  Please
refer to the applicable agreement for further details, at
https://fpgasoftware.intel.com/eula.



+-------------------------------------------------------------------------------------+
; Analysis & Synthesis Summary                                                        ;
+------------------------------------+------------------------------------------------+
; Analysis & Synthesis Status        ; Successful - Sun Oct  1 23:02:18 2023          ;
; Quartus Prime Version              ; 22.1std.2 Build 922 07/20/2023 SC Lite Edition ;
; Revision Name                      ; DisplayDriverALU4_4FP                          ;
; Top-level Entity Name              ; DisplayDriverALU4_4FP                          ;
; Family                             ; Cyclone IV E                                   ;
; Total logic elements               ; 127                                            ;
;     Total combinational functions  ; 127                                            ;
;     Dedicated logic registers      ; 19                                             ;
; Total registers                    ; 19                                             ;
; Total pins                         ; 31                                             ;
; Total virtual pins                 ; 0                                              ;
; Total memory bits                  ; 0                                              ;
; Embedded Multiplier 9-bit elements ; 0                                              ;
; Total PLLs                         ; 0                                              ;
+------------------------------------+------------------------------------------------+


+------------------------------------------------------------------------------------------------------------------+
; Analysis & Synthesis Settings                                                                                    ;
+------------------------------------------------------------------+-----------------------+-----------------------+
; Option                                                           ; Setting               ; Default Value         ;
+------------------------------------------------------------------+-----------------------+-----------------------+
; Device                                                           ; EP4CE6E22C8           ;                       ;
; Top-level entity name                                            ; DisplayDriverALU4_4FP ; DisplayDriverALU4_4FP ;
; Family name                                                      ; Cyclone IV E          ; Cyclone V             ;
; Maximum processors allowed for parallel compilation              ; All                   ;                       ;
; Use smart compilation                                            ; Off                   ; Off                   ;
; Enable parallel Assembler and Timing Analyzer during compilation ; On                    ; On                    ;
; Enable compact report table                                      ; Off                   ; Off                   ;
; Restructure Multiplexers                                         ; Auto                  ; Auto                  ;
; Create Debugging Nodes for IP Cores                              ; Off                   ; Off                   ;
; Preserve fewer node names                                        ; On                    ; On                    ;
; Intel FPGA IP Evaluation Mode                                    ; Enable                ; Enable                ;
; Verilog Version                                                  ; Verilog_2001          ; Verilog_2001          ;
; VHDL Version                                                     ; VHDL_1993             ; VHDL_1993             ;
; State Machine Processing                                         ; Auto                  ; Auto                  ;
; Safe State Machine                                               ; Off                   ; Off                   ;
; Extract Verilog State Machines                                   ; On                    ; On                    ;
; Extract VHDL State Machines                                      ; On                    ; On                    ;
; Ignore Verilog initial constructs                                ; Off                   ; Off                   ;
; Iteration limit for constant Verilog loops                       ; 5000                  ; 5000                  ;
; Iteration limit for non-constant Verilog loops                   ; 250                   ; 250                   ;
; Add Pass-Through Logic to Inferred RAMs                          ; On                    ; On                    ;
; Infer RAMs from Raw Logic                                        ; On                    ; On                    ;
; Parallel Synthesis                                               ; On                    ; On                    ;
; DSP Block Balancing                                              ; Auto                  ; Auto                  ;
; NOT Gate Push-Back                                               ; On                    ; On                    ;
; Power-Up Don't Care                                              ; On                    ; On                    ;
; Remove Redundant Logic Cells                                     ; Off                   ; Off                   ;
; Remove Duplicate Registers                                       ; On                    ; On                    ;
; Ignore CARRY Buffers                                             ; Off                   ; Off                   ;
; Ignore CASCADE Buffers                                           ; Off                   ; Off                   ;
; Ignore GLOBAL Buffers                                            ; Off                   ; Off                   ;
; Ignore ROW GLOBAL Buffers                                        ; Off                   ; Off                   ;
; Ignore LCELL Buffers                                             ; Off                   ; Off                   ;
; Ignore SOFT Buffers                                              ; On                    ; On                    ;
; Limit AHDL Integers to 32 Bits                                   ; Off                   ; Off                   ;
; Optimization Technique                                           ; Balanced              ; Balanced              ;
; Carry Chain Length                                               ; 70                    ; 70                    ;
; Auto Carry Chains                                                ; On                    ; On                    ;
; Auto Open-Drain Pins                                             ; On                    ; On                    ;
; Perform WYSIWYG Primitive Resynthesis                            ; Off                   ; Off                   ;
; Auto ROM Replacement                                             ; On                    ; On                    ;
; Auto RAM Replacement                                             ; On                    ; On                    ;
; Auto DSP Block Replacement                                       ; On                    ; On                    ;
; Auto Shift Register Replacement                                  ; Auto                  ; Auto                  ;
; Allow Shift Register Merging across Hierarchies                  ; Auto                  ; Auto                  ;
; Auto Clock Enable Replacement                                    ; On                    ; On                    ;
; Strict RAM Replacement                                           ; Off                   ; Off                   ;
; Allow Synchronous Control Signals                                ; On                    ; On                    ;
; Force Use of Synchronous Clear Signals                           ; Off                   ; Off                   ;
; Auto RAM Block Balancing                                         ; On                    ; On                    ;
; Auto RAM to Logic Cell Conversion                                ; Off                   ; Off                   ;
; Auto Resource Sharing                                            ; Off                   ; Off                   ;
; Allow Any RAM Size For Recognition                               ; Off                   ; Off                   ;
; Allow Any ROM Size For Recognition                               ; Off                   ; Off                   ;
; Allow Any Shift Register Size For Recognition                    ; Off                   ; Off                   ;
; Use LogicLock Constraints during Resource Balancing              ; On                    ; On                    ;
; Ignore translate_off and synthesis_off directives                ; Off                   ; Off                   ;
; Timing-Driven Synthesis                                          ; On                    ; On                    ;
; Report Parameter Settings                                        ; On                    ; On                    ;
; Report Source Assignments                                        ; On                    ; On                    ;
; Report Connectivity Checks                                       ; On                    ; On                    ;
; Ignore Maximum Fan-Out Assignments                               ; Off                   ; Off                   ;
; Synchronization Register Chain Length                            ; 2                     ; 2                     ;
; Power Optimization During Synthesis                              ; Normal compilation    ; Normal compilation    ;
; HDL message level                                                ; Level2                ; Level2                ;
; Suppress Register Optimization Related Messages                  ; Off                   ; Off                   ;
; Number of Removed Registers Reported in Synthesis Report         ; 5000                  ; 5000                  ;
; Number of Swept Nodes Reported in Synthesis Report               ; 5000                  ; 5000                  ;
; Number of Inverted Registers Reported in Synthesis Report        ; 100                   ; 100                   ;
; Clock MUX Protection                                             ; On                    ; On                    ;
; Auto Gated Clock Conversion                                      ; Off                   ; Off                   ;
; Block Design Naming                                              ; Auto                  ; Auto                  ;
; SDC constraint protection                                        ; Off                   ; Off                   ;
; Synthesis Effort                                                 ; Auto                  ; Auto                  ;
; Shift Register Replacement - Allow Asynchronous Clear Signal     ; On                    ; On                    ;
; Pre-Mapping Resynthesis Optimization                             ; Off                   ; Off                   ;
; Analysis & Synthesis Message Level                               ; Medium                ; Medium                ;
; Disable Register Merging Across Hierarchies                      ; Auto                  ; Auto                  ;
; Resource Aware Inference For Block RAM                           ; On                    ; On                    ;
+------------------------------------------------------------------+-----------------------+-----------------------+


+------------------------------------------+
; Parallel Compilation                     ;
+----------------------------+-------------+
; Processors                 ; Number      ;
+----------------------------+-------------+
; Number detected on machine ; 16          ;
; Maximum allowed            ; 16          ;
;                            ;             ;
; Average used               ; 1.00        ;
; Maximum used               ; 16          ;
;                            ;             ;
; Usage by Processor         ; % Time Used ;
;     Processor 1            ; 100.0%      ;
;     Processors 2-16        ;   0.0%      ;
+----------------------------+-------------+


+----------------------------------------------------------------------------------------------------------------------------------------------------------------------+
; Analysis & Synthesis Source Files Read                                                                                                                               ;
+----------------------------------+-----------------+-----------------+-------------------------------------------------------------------------------------+---------+
; File Name with User-Entered Path ; Used in Netlist ; File Type       ; File Name with Absolute Path                                                        ; Library ;
+----------------------------------+-----------------+-----------------+-------------------------------------------------------------------------------------+---------+
; DisplayDriverALU4_4FP.vhd        ; yes             ; User VHDL File  ; /home/lord448/altera/VHDLComponents/DisplayDriverALU4_4FP/DisplayDriverALU4_4FP.vhd ;         ;
; BCDto7Segs.vhd                   ; yes             ; User VHDL File  ; /home/lord448/altera/VHDLComponents/DisplayDriverALU4_4FP/BCDto7Segs.vhd            ;         ;
+----------------------------------+-----------------+-----------------+-------------------------------------------------------------------------------------+---------+


+--------------------------------------------------------------+
; Analysis & Synthesis Resource Usage Summary                  ;
+---------------------------------------------+----------------+
; Resource                                    ; Usage          ;
+---------------------------------------------+----------------+
; Estimated Total logic elements              ; 127            ;
;                                             ;                ;
; Total combinational functions               ; 127            ;
; Logic element usage by number of LUT inputs ;                ;
;     -- 4 input functions                    ; 75             ;
;     -- 3 input functions                    ; 6              ;
;     -- <=2 input functions                  ; 46             ;
;                                             ;                ;
; Logic elements by mode                      ;                ;
;     -- normal mode                          ; 89             ;
;     -- arithmetic mode                      ; 38             ;
;                                             ;                ;
; Total registers                             ; 19             ;
;     -- Dedicated logic registers            ; 19             ;
;     -- I/O registers                        ; 0              ;
;                                             ;                ;
; I/O pins                                    ; 31             ;
;                                             ;                ;
; Embedded Multiplier 9-bit elements          ; 0              ;
;                                             ;                ;
; Maximum fan-out node                        ; i_MultOp~input ;
; Maximum fan-out                             ; 27             ;
; Total fan-out                               ; 506            ;
; Average fan-out                             ; 2.43           ;
+---------------------------------------------+----------------+


+-------------------------------------------------------------------------------------------------------------------------------------------------------------------------------------------------------------------------------------------------------+
; Analysis & Synthesis Resource Utilization by Entity                                                                                                                                                                                                   ;
+---------------------------------+---------------------+---------------------------+-------------+--------------+---------+-----------+------+--------------+---------------------------------------------------+-----------------------+--------------+
; Compilation Hierarchy Node      ; Combinational ALUTs ; Dedicated Logic Registers ; Memory Bits ; DSP Elements ; DSP 9x9 ; DSP 18x18 ; Pins ; Virtual Pins ; Full Hierarchy Name                               ; Entity Name           ; Library Name ;
+---------------------------------+---------------------+---------------------------+-------------+--------------+---------+-----------+------+--------------+---------------------------------------------------+-----------------------+--------------+
; |DisplayDriverALU4_4FP          ; 127 (99)            ; 19 (19)                   ; 0           ; 0            ; 0       ; 0         ; 31   ; 0            ; |DisplayDriverALU4_4FP                            ; DisplayDriverALU4_4FP ; work         ;
;    |BCDto7Segs:DisplayDecoder1| ; 7 (7)               ; 0 (0)                     ; 0           ; 0            ; 0       ; 0         ; 0    ; 0            ; |DisplayDriverALU4_4FP|BCDto7Segs:DisplayDecoder1 ; BCDto7Segs            ; work         ;
;    |BCDto7Segs:DisplayDecoder2| ; 7 (7)               ; 0 (0)                     ; 0           ; 0            ; 0       ; 0         ; 0    ; 0            ; |DisplayDriverALU4_4FP|BCDto7Segs:DisplayDecoder2 ; BCDto7Segs            ; work         ;
;    |BCDto7Segs:DisplayDecoder3| ; 7 (7)               ; 0 (0)                     ; 0           ; 0            ; 0       ; 0         ; 0    ; 0            ; |DisplayDriverALU4_4FP|BCDto7Segs:DisplayDecoder3 ; BCDto7Segs            ; work         ;
;    |BCDto7Segs:DisplayDecoder4| ; 7 (7)               ; 0 (0)                     ; 0           ; 0            ; 0       ; 0         ; 0    ; 0            ; |DisplayDriverALU4_4FP|BCDto7Segs:DisplayDecoder4 ; BCDto7Segs            ; work         ;
+---------------------------------+---------------------+---------------------------+-------------+--------------+---------+-----------+------+--------------+---------------------------------------------------+-----------------------+--------------+
Note: For table entries with two numbers listed, the numbers in parentheses indicate the number of resources of the given type used by the specific entity alone. The numbers listed outside of parentheses indicate the total resources of the given type used by the specific entity and all of its sub-entities in the hierarchy.


+------------------------------------------------------+
; General Register Statistics                          ;
+----------------------------------------------+-------+
; Statistic                                    ; Value ;
+----------------------------------------------+-------+
; Total registers                              ; 19    ;
; Number of registers using Synchronous Clear  ; 17    ;
; Number of registers using Synchronous Load   ; 0     ;
; Number of registers using Asynchronous Clear ; 0     ;
; Number of registers using Asynchronous Load  ; 0     ;
; Number of registers using Clock Enable       ; 0     ;
; Number of registers using Preset             ; 0     ;
+----------------------------------------------+-------+


+------------------------------------------------------------------------------------------------------------------------------------------------------+
; Multiplexer Restructuring Statistics (Restructuring Performed)                                                                                       ;
+--------------------+-----------+---------------+----------------------+------------------------+------------+----------------------------------------+
; Multiplexer Inputs ; Bus Width ; Baseline Area ; Area if Restructured ; Saving if Restructured ; Registered ; Example Multiplexer Output             ;
+--------------------+-----------+---------------+----------------------+------------------------+------------+----------------------------------------+
; 4:1                ; 8 bits    ; 16 LEs        ; 16 LEs               ; 0 LEs                  ; No         ; |DisplayDriverALU4_4FP|r_DecPNumber[4] ;
; 3:1                ; 8 bits    ; 16 LEs        ; 16 LEs               ; 0 LEs                  ; No         ; |DisplayDriverALU4_4FP|r_IntPNumber[6] ;
; 21:1               ; 6 bits    ; 84 LEs        ; 18 LEs               ; 66 LEs                 ; No         ; |DisplayDriverALU4_4FP|o_Segments      ;
+--------------------+-----------+---------------+----------------------+------------------------+------------+----------------------------------------+


+------------------------------------------------------------------------------------------------------------------------+
; Port Connectivity Checks: "BCDto7Segs:DisplayDecoder4"                                                                 ;
+--------------+--------+----------+-------------------------------------------------------------------------------------+
; Port         ; Type   ; Severity ; Details                                                                             ;
+--------------+--------+----------+-------------------------------------------------------------------------------------+
; i_disppoint  ; Input  ; Info     ; Stuck at GND                                                                        ;
; i_chipen     ; Input  ; Info     ; Stuck at VCC                                                                        ;
; o_dispenable ; Output ; Info     ; Connected to dangling logic. Logic that only feeds a dangling port will be removed. ;
; o_disppoint  ; Output ; Info     ; Connected to dangling logic. Logic that only feeds a dangling port will be removed. ;
+--------------+--------+----------+-------------------------------------------------------------------------------------+


+------------------------------------------------------------------------------------------------------------------------+
; Port Connectivity Checks: "BCDto7Segs:DisplayDecoder3"                                                                 ;
+--------------+--------+----------+-------------------------------------------------------------------------------------+
; Port         ; Type   ; Severity ; Details                                                                             ;
+--------------+--------+----------+-------------------------------------------------------------------------------------+
; i_disppoint  ; Input  ; Info     ; Stuck at GND                                                                        ;
; i_chipen     ; Input  ; Info     ; Stuck at VCC                                                                        ;
; o_dispenable ; Output ; Info     ; Connected to dangling logic. Logic that only feeds a dangling port will be removed. ;
; o_disppoint  ; Output ; Info     ; Connected to dangling logic. Logic that only feeds a dangling port will be removed. ;
+--------------+--------+----------+-------------------------------------------------------------------------------------+


+------------------------------------------------------------------------------------------------------------------------+
; Port Connectivity Checks: "BCDto7Segs:DisplayDecoder2"                                                                 ;
+--------------+--------+----------+-------------------------------------------------------------------------------------+
; Port         ; Type   ; Severity ; Details                                                                             ;
+--------------+--------+----------+-------------------------------------------------------------------------------------+
; i_disppoint  ; Input  ; Info     ; Stuck at GND                                                                        ;
; i_chipen     ; Input  ; Info     ; Stuck at VCC                                                                        ;
; o_dispenable ; Output ; Info     ; Connected to dangling logic. Logic that only feeds a dangling port will be removed. ;
; o_disppoint  ; Output ; Info     ; Connected to dangling logic. Logic that only feeds a dangling port will be removed. ;
+--------------+--------+----------+-------------------------------------------------------------------------------------+


+------------------------------------------------------------------------------------------------------------------------+
; Port Connectivity Checks: "BCDto7Segs:DisplayDecoder1"                                                                 ;
+--------------+--------+----------+-------------------------------------------------------------------------------------+
; Port         ; Type   ; Severity ; Details                                                                             ;
+--------------+--------+----------+-------------------------------------------------------------------------------------+
; i_disppoint  ; Input  ; Info     ; Stuck at VCC                                                                        ;
; i_chipen     ; Input  ; Info     ; Stuck at VCC                                                                        ;
; o_dispenable ; Output ; Info     ; Connected to dangling logic. Logic that only feeds a dangling port will be removed. ;
; o_disppoint  ; Output ; Info     ; Connected to dangling logic. Logic that only feeds a dangling port will be removed. ;
+--------------+--------+----------+-------------------------------------------------------------------------------------+


+-----------------------------------------------------+
; Post-Synthesis Netlist Statistics for Top Partition ;
+-----------------------+-----------------------------+
; Type                  ; Count                       ;
+-----------------------+-----------------------------+
; boundary_port         ; 31                          ;
; cycloneiii_ff         ; 19                          ;
;     SCLR              ; 17                          ;
;     plain             ; 2                           ;
; cycloneiii_lcell_comb ; 130                         ;
;     arith             ; 38                          ;
;         2 data inputs ; 38                          ;
;     normal            ; 92                          ;
;         1 data inputs ; 6                           ;
;         2 data inputs ; 5                           ;
;         3 data inputs ; 6                           ;
;         4 data inputs ; 75                          ;
;                       ;                             ;
; Max LUT depth         ; 8.10                        ;
; Average LUT depth     ; 5.59                        ;
+-----------------------+-----------------------------+


+-------------------------------+
; Elapsed Time Per Partition    ;
+----------------+--------------+
; Partition Name ; Elapsed Time ;
+----------------+--------------+
; Top            ; 00:00:00     ;
+----------------+--------------+


+-------------------------------+
; Analysis & Synthesis Messages ;
+-------------------------------+
Info: *******************************************************************
Info: Running Quartus Prime Analysis & Synthesis
    Info: Version 22.1std.2 Build 922 07/20/2023 SC Lite Edition
    Info: Processing started: Sun Oct  1 23:02:12 2023
Info: Command: quartus_map --read_settings_files=on --write_settings_files=off DisplayDriverALU4_4FP -c DisplayDriverALU4_4FP
Info (20030): Parallel compilation is enabled and will use 16 of the 16 processors detected
Info (12021): Found 2 design units, including 1 entities, in source file DisplayDriverALU4_4FP.vhd
    Info (12022): Found design unit 1: DisplayDriverALU4_4FP-rtl File: /home/lord448/altera/VHDLComponents/DisplayDriverALU4_4FP/DisplayDriverALU4_4FP.vhd Line: 18
    Info (12023): Found entity 1: DisplayDriverALU4_4FP File: /home/lord448/altera/VHDLComponents/DisplayDriverALU4_4FP/DisplayDriverALU4_4FP.vhd Line: 6
Info (12021): Found 2 design units, including 1 entities, in source file BCDto7Segs.vhd
    Info (12022): Found design unit 1: BCDto7Segs-rtl File: /home/lord448/altera/VHDLComponents/DisplayDriverALU4_4FP/BCDto7Segs.vhd Line: 16
    Info (12023): Found entity 1: BCDto7Segs File: /home/lord448/altera/VHDLComponents/DisplayDriverALU4_4FP/BCDto7Segs.vhd Line: 5
Info (12127): Elaborating entity "DisplayDriverALU4_4FP" for the top level hierarchy
Warning (10492): VHDL Process Statement warning at DisplayDriverALU4_4FP.vhd(93): signal "r_SegsConn1" is read inside the Process Statement but isn't in the Process Statement's sensitivity list File: /home/lord448/altera/VHDLComponents/DisplayDriverALU4_4FP/DisplayDriverALU4_4FP.vhd Line: 93
Warning (10492): VHDL Process Statement warning at DisplayDriverALU4_4FP.vhd(94): signal "r_SegsConn2" is read inside the Process Statement but isn't in the Process Statement's sensitivity list File: /home/lord448/altera/VHDLComponents/DisplayDriverALU4_4FP/DisplayDriverALU4_4FP.vhd Line: 94
Warning (10492): VHDL Process Statement warning at DisplayDriverALU4_4FP.vhd(95): signal "r_SegsConn3" is read inside the Process Statement but isn't in the Process Statement's sensitivity list File: /home/lord448/altera/VHDLComponents/DisplayDriverALU4_4FP/DisplayDriverALU4_4FP.vhd Line: 95
Warning (10492): VHDL Process Statement warning at DisplayDriverALU4_4FP.vhd(96): signal "r_SegsConn4" is read inside the Process Statement but isn't in the Process Statement's sensitivity list File: /home/lord448/altera/VHDLComponents/DisplayDriverALU4_4FP/DisplayDriverALU4_4FP.vhd Line: 96
Warning (10492): VHDL Process Statement warning at DisplayDriverALU4_4FP.vhd(110): signal "i_MultOp" is read inside the Process Statement but isn't in the Process Statement's sensitivity list File: /home/lord448/altera/VHDLComponents/DisplayDriverALU4_4FP/DisplayDriverALU4_4FP.vhd Line: 110
Warning (10492): VHDL Process Statement warning at DisplayDriverALU4_4FP.vhd(111): signal "r_Show" is read inside the Process Statement but isn't in the Process Statement's sensitivity list File: /home/lord448/altera/VHDLComponents/DisplayDriverALU4_4FP/DisplayDriverALU4_4FP.vhd Line: 111
Warning (10492): VHDL Process Statement warning at DisplayDriverALU4_4FP.vhd(114): signal "r_NumberSign" is read inside the Process Statement but isn't in the Process Statement's sensitivity list File: /home/lord448/altera/VHDLComponents/DisplayDriverALU4_4FP/DisplayDriverALU4_4FP.vhd Line: 114
Warning (10492): VHDL Process Statement warning at DisplayDriverALU4_4FP.vhd(120): signal "r_Segs2" is read inside the Process Statement but isn't in the Process Statement's sensitivity list File: /home/lord448/altera/VHDLComponents/DisplayDriverALU4_4FP/DisplayDriverALU4_4FP.vhd Line: 120
Warning (10492): VHDL Process Statement warning at DisplayDriverALU4_4FP.vhd(123): signal "r_Segs3" is read inside the Process Statement but isn't in the Process Statement's sensitivity list File: /home/lord448/altera/VHDLComponents/DisplayDriverALU4_4FP/DisplayDriverALU4_4FP.vhd Line: 123
Warning (10492): VHDL Process Statement warning at DisplayDriverALU4_4FP.vhd(130): signal "r_Show" is read inside the Process Statement but isn't in the Process Statement's sensitivity list File: /home/lord448/altera/VHDLComponents/DisplayDriverALU4_4FP/DisplayDriverALU4_4FP.vhd Line: 130
Warning (10492): VHDL Process Statement warning at DisplayDriverALU4_4FP.vhd(132): signal "r_Segs1" is read inside the Process Statement but isn't in the Process Statement's sensitivity list File: /home/lord448/altera/VHDLComponents/DisplayDriverALU4_4FP/DisplayDriverALU4_4FP.vhd Line: 132
Warning (10492): VHDL Process Statement warning at DisplayDriverALU4_4FP.vhd(135): signal "r_Segs2" is read inside the Process Statement but isn't in the Process Statement's sensitivity list File: /home/lord448/altera/VHDLComponents/DisplayDriverALU4_4FP/DisplayDriverALU4_4FP.vhd Line: 135
Warning (10492): VHDL Process Statement warning at DisplayDriverALU4_4FP.vhd(138): signal "r_Segs3" is read inside the Process Statement but isn't in the Process Statement's sensitivity list File: /home/lord448/altera/VHDLComponents/DisplayDriverALU4_4FP/DisplayDriverALU4_4FP.vhd Line: 138
Warning (10492): VHDL Process Statement warning at DisplayDriverALU4_4FP.vhd(141): signal "r_Segs4" is read inside the Process Statement but isn't in the Process Statement's sensitivity list File: /home/lord448/altera/VHDLComponents/DisplayDriverALU4_4FP/DisplayDriverALU4_4FP.vhd Line: 141
Info (12128): Elaborating entity "BCDto7Segs" for hierarchy "BCDto7Segs:DisplayDecoder1" File: /home/lord448/altera/VHDLComponents/DisplayDriverALU4_4FP/DisplayDriverALU4_4FP.vhd Line: 51
Info (286030): Timing-Driven Synthesis is running
Info (16010): Generating hard_block partition "hard_block:auto_generated_inst"
    Info (16011): Adding 0 node(s), including 0 DDIO, 0 PLL, 0 transceiver and 0 LCELL
Info (21057): Implemented 158 device resources after synthesis - the final resource count might be different
    Info (21058): Implemented 18 input pins
    Info (21059): Implemented 13 output pins
    Info (21061): Implemented 127 logic cells
Info: Quartus Prime Analysis & Synthesis was successful. 0 errors, 14 warnings
    Info: Peak virtual memory: 530 megabytes
    Info: Processing ended: Sun Oct  1 23:02:18 2023
    Info: Elapsed time: 00:00:06
    Info: Total CPU time (on all processors): 00:00:19


